app/build/outputs/logs/manifest-merger-debug-report.txt
-- Merging decision tree log ---
manifest
ADDED from src\main\AndroidManifest.xml:2:1-46:12
INJECTED from src\main\AndroidManifest.xml:2:1-46:12
INJECTED from src\main\AndroidManifest.xml:2:1-46:12
INJECTED from src\main\AndroidManifest.xml:2:1-46:12
MERGED from [com.craftman.cardform:cardform:0.0.2] AndroidManifest.xml:2:1-17:12
MERGED from [com.android.support:design:28.0.0] AndroidManifest.xml:17:1-24:12
MERGED from [com.android.support:appcompat-v7:28.0.0] AndroidManifest.xml:17:1-22:12
MERGED from [com.android.support.constraint:constraint-layout:1.1.3] AndroidManifest.xml:2:1-11:12
MERGED from [com.android.support:recyclerview-v7:28.0.0] AndroidManifest.xml:17:1-22:12
MERGED from [com.android.support:cardview-v7:28.0.0] AndroidManifest.xml:17:1-22:12
MERGED from [com.android.volley:volley:1.1.1] AndroidManifest.xml:2:1-11:12
MERGED from [com.squareup.picasso:picasso:2.71828] AndroidManifest.xml:2:1-14:12
MERGED from [pl.droidsonroids.gif:android-gif-drawable:1.2.16] AndroidManifest.xml:2:1-10:12
MERGED from [com.android.support:support-fragment:28.0.0] AndroidManifest.xml:17:1-22:12
MERGED from [com.android.support:animated-vector-drawable:28.0.0] AndroidManifest.xml:17:1-22:12
MERGED from [com.android.support:support-core-ui:28.0.0] AndroidManifest.xml:17:1-22:12
MERGED from [com.android.support:support-core-utils:28.0.0] AndroidManifest.xml:17:1-22:12
MERGED from [com.android.support:support-vector-drawable:28.0.0] AndroidManifest.xml:17:1-22:12
MERGED from [com.android.support:transition:28.0.0] AndroidManifest.xml:17:1-22:12
MERGED from [com.android.support:loader:28.0.0] AndroidManifest.xml:17:1-22:12
MERGED from [com.android.support:viewpager:28.0.0] AndroidManifest.xml:17:1-22:12
MERGED from [com.android.support:coordinatorlayout:28.0.0] AndroidManifest.xml:17:1-22:12
MERGED from [com.android.support:drawerlayout:28.0.0] AndroidManifest.xml:17:1-22:12
MERGED from [com.android.support:slidingpanelayout:28.0.0] AndroidManifest.xml:17:1-22:12
MERGED from [com.android.support:customview:28.0.0] AndroidManifest.xml:17:1-22:12
MERGED from [com.android.support:swiperefreshlayout:28.0.0] AndroidManifest.xml:17:1-22:12
MERGED from [com.android.support:asynclayoutinflater:28.0.0] AndroidManifest.xml:17:1-22:12
MERGED from [com.android.support:support-compat:28.0.0] AndroidManifest.xml:17:1-24:12
MERGED from [com.android.support:versionedparcelable:28.0.0] AndroidManifest.xml:17:1-25:12
MERGED from [com.android.support:cursoradapter:28.0.0] AndroidManifest.xml:17:1-22:12
MERGED from [com.android.support:exifinterface:27.1.0] AndroidManifest.xml:17:1-22:12
MERGED from [android.arch.lifecycle:runtime:1.1.1] AndroidManifest.xml:17:1-22:12
MERGED from [com.android.support:documentfile:28.0.0] AndroidManifest.xml:17:1-22:12
MERGED from [com.android.support:localbroadcastmanager:28.0.0] AndroidManifest.xml:17:1-22:12
MERGED from [com.android.support:print:28.0.0] AndroidManifest.xml:17:1-22:12
MERGED from [android.arch.lifecycle:viewmodel:1.1.1] AndroidManifest.xml:17:1-22:12
MERGED from [com.android.support:interpolator:28.0.0] AndroidManifest.xml:17:1-22:12
MERGED from [android.arch.lifecycle:livedata:1.1.1] AndroidManifest.xml:17:1-22:12
MERGED from [android.arch.lifecycle:livedata-core:1.1.1] AndroidManifest.xml:17:1-22:12
MERGED from [android.arch.core:runtime:1.1.1] AndroidManifest.xml:17:1-22:12
INJECTED from src\main\AndroidManifest.xml:2:1-46:12
INJECTED from src\main\AndroidManifest.xml:2:1-46:12
INJECTED from src\main\AndroidManifest.xml:2:1-46:12
	package
		ADDED from src\main\AndroidManifest.xml:3:5-36
		INJECTED from src\main\AndroidManifest.xml
		INJECTED from src\main\AndroidManifest.xml
	android:versionName
		INJECTED from src\main\AndroidManifest.xml
		ADDED from src\main\AndroidManifest.xml:2:1-46:12
		INJECTED from src\main\AndroidManifest.xml
	android:versionCode
		INJECTED from src\main\AndroidManifest.xml
		ADDED from src\main\AndroidManifest.xml:2:1-46:12
		INJECTED from src\main\AndroidManifest.xml
	xmlns:android
		ADDED from src\main\AndroidManifest.xml:2:11-69
uses-permission#android.permission.INTERNET
ADDED from src\main\AndroidManifest.xml:4:5-67
	android:name
		ADDED from src\main\AndroidManifest.xml:4:22-64
uses-permission#android.permission.ACCESS_NETWORK_STATE
ADDED from src\main\AndroidManifest.xml:5:1-74
	android:name
		ADDED from src\main\AndroidManifest.xml:5:18-72
uses-permission#android.permission.ACCESS_WIFI_STATE
ADDED from src\main\AndroidManifest.xml:6:5-75
	android:name
		ADDED from src\main\AndroidManifest.xml:6:22-73
application
ADDED from src\main\AndroidManifest.xml:7:5-44:19
MERGED from [com.craftman.cardform:cardform:0.0.2] AndroidManifest.xml:11:5-15:19
MERGED from [com.craftman.cardform:cardform:0.0.2] AndroidManifest.xml:11:5-15:19
MERGED from [com.android.support:design:28.0.0] AndroidManifest.xml:22:5-20
MERGED from [com.android.support:design:28.0.0] AndroidManifest.xml:22:5-20
MERGED from [com.android.support.constraint:constraint-layout:1.1.3] AndroidManifest.xml:9:5-20
MERGED from [com.android.support.constraint:constraint-layout:1.1.3] AndroidManifest.xml:9:5-20
MERGED from [com.android.volley:volley:1.1.1] AndroidManifest.xml:9:5-20
MERGED from [com.android.volley:volley:1.1.1] AndroidManifest.xml:9:5-20
MERGED from [com.squareup.picasso:picasso:2.71828] AndroidManifest.xml:7:5-12:19
MERGED from [com.squareup.picasso:picasso:2.71828] AndroidManifest.xml:7:5-12:19
MERGED from [com.android.support:support-compat:28.0.0] AndroidManifest.xml:22:5-94
MERGED from [com.android.support:support-compat:28.0.0] AndroidManifest.xml:22:5-94
MERGED from [com.android.support:versionedparcelable:28.0.0] AndroidManifest.xml:22:5-23:19
MERGED from [com.android.support:versionedparcelable:28.0.0] AndroidManifest.xml:22:5-23:19
	android:appComponentFactory
		ADDED from [com.android.support:support-compat:28.0.0] AndroidManifest.xml:22:18-91
	android:supportsRtl
		ADDED from src\main\AndroidManifest.xml:12:9-35
	android:label
		ADDED from src\main\AndroidManifest.xml:10:9-41
	android:roundIcon
		ADDED from src\main\AndroidManifest.xml:11:9-43
	android:icon
		ADDED from src\main\AndroidManifest.xml:9:9-43
	android:allowBackup
		ADDED from src\main\AndroidManifest.xml:8:9-35
	android:theme
		ADDED from src\main\AndroidManifest.xml:14:9-40
	android:usesCleartextTraffic
		ADDED from src\main\AndroidManifest.xml:13:9-44
activity#com.example.pizzaloop.Login.LoginUser
ADDED from src\main\AndroidManifest.xml:15:9-16:51
	android:screenOrientation
		ADDED from src\main\AndroidManifest.xml:16:13-49
	android:name
		ADDED from src\main\AndroidManifest.xml:15:19-50
activity#com.example.pizzaloop.Edit_Order.ReviewOrder
ADDED from src\main\AndroidManifest.xml:17:9-59
	android:name
		ADDED from src\main\AndroidManifest.xml:17:19-57
activity#com.example.pizzaloop.Edit_Order.EditOrder
ADDED from src\main\AndroidManifest.xml:18:9-57
	android:name
		ADDED from src\main\AndroidManifest.xml:18:19-55
activity#com.example.pizzaloop.Edit_Order.OrderCRUD
ADDED from src\main\AndroidManifest.xml:19:9-20:51
	android:screenOrientation
		ADDED from src\main\AndroidManifest.xml:20:13-49
	android:name
		ADDED from src\main\AndroidManifest.xml:19:19-55
activity#com.example.pizzaloop.Edit_Order.ReviewPayment
ADDED from src\main\AndroidManifest.xml:21:9-61
	android:name
		ADDED from src\main\AndroidManifest.xml:21:19-59
activity#com.example.pizzaloop.Order.Payment
ADDED from src\main\AndroidManifest.xml:22:9-23:51
	android:screenOrientation
		ADDED from src\main\AndroidManifest.xml:23:13-49
	android:name
		ADDED from src\main\AndroidManifest.xml:22:19-48
activity#com.example.pizzaloop.WelcomePage
ADDED from src\main\AndroidManifest.xml:24:9-25:51
	android:screenOrientation
		ADDED from src\main\AndroidManifest.xml:25:13-49
	android:name
		ADDED from src\main\AndroidManifest.xml:24:19-46
activity#com.example.pizzaloop.Login.SignUp
ADDED from src\main\AndroidManifest.xml:26:9-27:51
	android:screenOrientation
		ADDED from src\main\AndroidManifest.xml:27:13-49
	android:name
		ADDED from src\main\AndroidManifest.xml:26:19-47
activity#com.example.pizzaloop.Order.DetailActivity
ADDED from src\main\AndroidManifest.xml:28:9-29:51
	android:screenOrientation
		ADDED from src\main\AndroidManifest.xml:29:13-49
	android:name
		ADDED from src\main\AndroidManifest.xml:28:19-55
activity#com.example.pizzaloop.Order.MainActivity
ADDED from src\main\AndroidManifest.xml:30:9-32:20
	android:screenOrientation
		ADDED from src\main\AndroidManifest.xml:31:13-49
	android:name
		ADDED from src\main\AndroidManifest.xml:30:19-53
activity#com.example.pizzaloop.Edit_Order.ReviewDetails
ADDED from src\main\AndroidManifest.xml:33:9-61
	android:name
		ADDED from src\main\AndroidManifest.xml:33:19-59
activity#com.example.pizzaloop.Edit_Order.ReviewMain
ADDED from src\main\AndroidManifest.xml:34:9-58
	android:name
		ADDED from src\main\AndroidManifest.xml:34:19-56
activity#com.example.pizzaloop.Login.SplashScreen
ADDED from src\main\AndroidManifest.xml:35:9-43:20
	android:screenOrientation
		ADDED from src\main\AndroidManifest.xml:36:13-49
	android:name
		ADDED from src\main\AndroidManifest.xml:35:19-53
intent-filter#action:name:android.intent.action.MAIN+category:name:android.intent.category.LAUNCHER
ADDED from src\main\AndroidManifest.xml:38:13-42:29
action#android.intent.action.MAIN
ADDED from src\main\AndroidManifest.xml:39:17-69
	android:name
		ADDED from src\main\AndroidManifest.xml:39:25-66
category#android.intent.category.LAUNCHER
ADDED from src\main\AndroidManifest.xml:41:17-77
	android:name
		ADDED from src\main\AndroidManifest.xml:41:27-74
uses-sdk
INJECTED from src\main\AndroidManifest.xml reason: use-sdk injection requested
INJECTED from src\main\AndroidManifest.xml
INJECTED from src\main\AndroidManifest.xml
MERGED from [com.craftman.cardform:cardform:0.0.2] AndroidManifest.xml:7:5-9:41
MERGED from [com.craftman.cardform:cardform:0.0.2] AndroidManifest.xml:7:5-9:41
MERGED from [com.android.support:design:28.0.0] AndroidManifest.xml:20:5-44
MERGED from [com.android.support:design:28.0.0] AndroidManifest.xml:20:5-44
MERGED from [com.android.support:appcompat-v7:28.0.0] AndroidManifest.xml:20:5-44
MERGED from [com.android.support:appcompat-v7:28.0.0] AndroidManifest.xml:20:5-44
MERGED from [com.android.support.constraint:constraint-layout:1.1.3] AndroidManifest.xml:5:5-7:41
MERGED from [com.android.support.constraint:constraint-layout:1.1.3] AndroidManifest.xml:5:5-7:41
MERGED from [com.android.support:recyclerview-v7:28.0.0] AndroidManifest.xml:20:5-44
MERGED from [com.android.support:recyclerview-v7:28.0.0] AndroidManifest.xml:20:5-44
MERGED from [com.android.support:cardview-v7:28.0.0] AndroidManifest.xml:20:5-44
MERGED from [com.android.support:cardview-v7:28.0.0] AndroidManifest.xml:20:5-44
MERGED from [com.android.volley:volley:1.1.1] AndroidManifest.xml:7:5-43
MERGED from [com.android.volley:volley:1.1.1] AndroidManifest.xml:7:5-43
MERGED from [com.squareup.picasso:picasso:2.71828] AndroidManifest.xml:5:5-44
MERGED from [com.squareup.picasso:picasso:2.71828] AndroidManifest.xml:5:5-44
MERGED from [pl.droidsonroids.gif:android-gif-drawable:1.2.16] AndroidManifest.xml:6:5-8:41
MERGED from [pl.droidsonroids.gif:android-gif-drawable:1.2.16] AndroidManifest.xml:6:5-8:41
MERGED from [com.android.support:support-fragment:28.0.0] AndroidManifest.xml:20:5-44
MERGED from [com.android.support:support-fragment:28.0.0] AndroidManifest.xml:20:5-44
MERGED from [com.android.support:animated-vector-drawable:28.0.0] AndroidManifest.xml:20:5-44
MERGED from [com.android.support:animated-vector-drawable:28.0.0] AndroidManifest.xml:20:5-44
MERGED from [com.android.support:support-core-ui:28.0.0] AndroidManifest.xml:20:5-44
MERGED from [com.android.support:support-core-ui:28.0.0] AndroidManifest.xml:20:5-44
MERGED from [com.android.support:support-core-utils:28.0.0] AndroidManifest.xml:20:5-44
MERGED from [com.android.support:support-core-utils:28.0.0] AndroidManifest.xml:20:5-44
MERGED from [com.android.support:support-vector-drawable:28.0.0] AndroidManifest.xml:20:5-44
MERGED from [com.android.support:support-vector-drawable:28.0.0] AndroidManifest.xml:20:5-44
MERGED from [com.android.support:transition:28.0.0] AndroidManifest.xml:20:5-44
MERGED from [com.android.support:transition:28.0.0] AndroidManifest.xml:20:5-44
MERGED from [com.android.support:loader:28.0.0] AndroidManifest.xml:20:5-44
MERGED from [com.android.support:loader:28.0.0] AndroidManifest.xml:20:5-44
MERGED from [com.android.support:viewpager:28.0.0] AndroidManifest.xml:20:5-44
MERGED from [com.android.support:viewpager:28.0.0] AndroidManifest.xml:20:5-44
MERGED from [com.android.support:coordinatorlayout:28.0.0] AndroidManifest.xml:20:5-44
MERGED from [com.android.support:coordinatorlayout:28.0.0] AndroidManifest.xml:20:5-44
MERGED from [com.android.support:drawerlayout:28.0.0] AndroidManifest.xml:20:5-44
MERGED from [com.android.support:drawerlayout:28.0.0] AndroidManifest.xml:20:5-44
MERGED from [com.android.support:slidingpanelayout:28.0.0] AndroidManifest.xml:20:5-44
MERGED from [com.android.support:slidingpanelayout:28.0.0] AndroidManifest.xml:20:5-44
MERGED from [com.android.support:customview:28.0.0] AndroidManifest.xml:20:5-44
MERGED from [com.android.support:customview:28.0.0] AndroidManifest.xml:20:5-44
MERGED from [com.android.support:swiperefreshlayout:28.0.0] AndroidManifest.xml:20:5-44
MERGED from [com.android.support:swiperefreshlayout:28.0.0] AndroidManifest.xml:20:5-44
MERGED from [com.android.support:asynclayoutinflater:28.0.0] AndroidManifest.xml:20:5-44
MERGED from [com.android.support:asynclayoutinflater:28.0.0] AndroidManifest.xml:20:5-44
MERGED from [com.android.support:support-compat:28.0.0] AndroidManifest.xml:20:5-44
MERGED from [com.android.support:support-compat:28.0.0] AndroidManifest.xml:20:5-44
MERGED from [com.android.support:versionedparcelable:28.0.0] AndroidManifest.xml:20:5-44
MERGED from [com.android.support:versionedparcelable:28.0.0] AndroidManifest.xml:20:5-44
MERGED from [com.android.support:cursoradapter:28.0.0] AndroidManifest.xml:20:5-44
MERGED from [com.android.support:cursoradapter:28.0.0] AndroidManifest.xml:20:5-44
MERGED from [com.android.support:exifinterface:27.1.0] AndroidManifest.xml:20:5-44
MERGED from [com.android.support:exifinterface:27.1.0] AndroidManifest.xml:20:5-44
MERGED from [android.arch.lifecycle:runtime:1.1.1] AndroidManifest.xml:20:5-44
MERGED from [android.arch.lifecycle:runtime:1.1.1] AndroidManifest.xml:20:5-44
MERGED from [com.android.support:documentfile:28.0.0] AndroidManifest.xml:20:5-44
MERGED from [com.android.support:documentfile:28.0.0] AndroidManifest.xml:20:5-44
MERGED from [com.android.support:localbroadcastmanager:28.0.0] AndroidManifest.xml:20:5-44
MERGED from [com.android.support:localbroadcastmanager:28.0.0] AndroidManifest.xml:20:5-44
MERGED from [com.android.support:print:28.0.0] AndroidManifest.xml:20:5-44
MERGED from [com.android.support:print:28.0.0] AndroidManifest.xml:20:5-44
MERGED from [android.arch.lifecycle:viewmodel:1.1.1] AndroidManifest.xml:20:5-44
MERGED from [android.arch.lifecycle:viewmodel:1.1.1] AndroidManifest.xml:20:5-44
MERGED from [com.android.support:interpolator:28.0.0] AndroidManifest.xml:20:5-44
MERGED from [com.android.support:interpolator:28.0.0] AndroidManifest.xml:20:5-44
MERGED from [android.arch.lifecycle:livedata:1.1.1] AndroidManifest.xml:20:5-44
MERGED from [android.arch.lifecycle:livedata:1.1.1] AndroidManifest.xml:20:5-44
MERGED from [android.arch.lifecycle:livedata-core:1.1.1] AndroidManifest.xml:20:5-44
MERGED from [android.arch.lifecycle:livedata-core:1.1.1] AndroidManifest.xml:20:5-44
MERGED from [android.arch.core:runtime:1.1.1] AndroidManifest.xml:20:5-44
MERGED from [android.arch.core:runtime:1.1.1] AndroidManifest.xml:20:5-44
INJECTED from src\main\AndroidManifest.xml
INJECTED from src\main\AndroidManifest.xml
	android:targetSdkVersion
		INJECTED from src\main\AndroidManifest.xml
		ADDED from src\main\AndroidManifest.xml
		INJECTED from src\main\AndroidManifest.xml
	android:minSdkVersion
		INJECTED from src\main\AndroidManifest.xml
		ADDED from src\main\AndroidManifest.xml
		INJECTED from src\main\AndroidManifest.xml
provider#com.squareup.picasso.PicassoProvider
ADDED from [com.squareup.picasso:picasso:2.71828] AndroidManifest.xml:8:9-11:40
	android:authorities
		ADDED from [com.squareup.picasso:picasso:2.71828] AndroidManifest.xml:10:13-72
	android:exported
		ADDED from [com.squareup.picasso:picasso:2.71828] AndroidManifest.xml:11:13-37
	android:name
		ADDED from [com.squareup.picasso:picasso:2.71828] AndroidManifest.xml:9:13-64